time="2021-12-14T08:13:35-08:00" level=info msg="Server CORE start" func=main module=main
time="2021-12-14T08:13:35-08:00" level=info msg="Server start success a wait signals" func=main module=main
time="2021-12-14T08:13:35-08:00" level=info msg="Server RTSP start" call=Start func=RTSPServer module=rtsp_server
time="2021-12-14T08:13:35-08:00" level=info msg="Server HTTP start" call=Start func=RTSPServer module=http_server
time="2021-12-14T08:13:51-08:00" level=info msg="Run stream" call=Run channel=0 func=StreamServerRunStreamDo module=core stream=TPC_WEBRTC_1280x720
time="2021-12-14T08:13:52-08:00" level=info msg="Success connection RTSP" call=Start channel=0 func=StreamServerRunStream module=core stream=TPC_WEBRTC_1280x720
time="2021-12-14T08:14:14-08:00" level=error msg="WebRTC Client Offline" call=WritePacket channel=0 func=HTTPAPIServerStreamWebRTC module=http_webrtc stream=TPC_WEBRTC_1280x720
time="2021-12-14T08:14:46-08:00" level=info msg="Stream exit by signal or not client" call=StreamServerRunStream channel=0 func=StreamServerRunStreamDo module=core stream=TPC_WEBRTC_1280x720
time="2021-12-14T08:32:51-08:00" level=info msg="Server CORE start" func=main module=main
time="2021-12-14T08:32:51-08:00" level=info msg="Server start success a wait signals" func=main module=main
time="2021-12-14T08:32:51-08:00" level=info msg="Server RTSP start" call=Start func=RTSPServer module=rtsp_server
time="2021-12-14T08:32:51-08:00" level=info msg="Server HTTP start" call=Start func=RTSPServer module=http_server
time="2021-12-16T10:18:28-08:00" level=info msg="Server CORE start" func=main module=main
time="2021-12-16T10:18:28-08:00" level=info msg="Server start success a wait signals" func=main module=main
time="2021-12-16T10:18:28-08:00" level=info msg="Server HTTP start" call=Start func=RTSPServer module=http_server
time="2021-12-16T10:18:28-08:00" level=info msg="Server RTSP start" call=Start func=RTSPServer module=rtsp_server
time="2021-12-16T10:18:28-08:00" level=error msg="listen tcp :5541: bind: Only one usage of each socket address (protocol/network address/port) is normally permitted." call=Listen func=RTSPServer module=rtsp_server
time="2021-12-16T14:31:52-08:00" level=info msg="Server CORE start" func=main module=main
time="2021-12-16T14:31:52-08:00" level=info msg="Server start success a wait signals" func=main module=main
time="2021-12-16T14:31:52-08:00" level=info msg="Server RTSP start" call=Start func=RTSPServer module=rtsp_server
time="2021-12-16T14:31:52-08:00" level=info msg="Server HTTP start" call=Start func=RTSPServer module=http_server
time="2021-12-16T14:33:15-08:00" level=info msg="Run stream" call=Run channel=0 func=StreamServerRunStreamDo module=core stream=tower
time="2021-12-16T14:33:15-08:00" level=info msg="Success connection RTSP" call=Start channel=0 func=StreamServerRunStream module=core stream=tower
time="2021-12-16T14:33:32-08:00" level=error msg="WebRTC Client Offline" call=WritePacket channel=0 func=HTTPAPIServerStreamWebRTC module=http_webrtc stream=tower
time="2021-12-16T21:19:18-08:00" level=info msg="Server CORE start" func=main module=main
time="2021-12-16T21:19:18-08:00" level=info msg="Server start success a wait signals" func=main module=main
time="2021-12-16T21:19:18-08:00" level=info msg="Server HTTP start" call=Start func=RTSPServer module=http_server
time="2021-12-16T21:19:18-08:00" level=info msg="Server RTSP start" call=Start func=RTSPServer module=rtsp_server
time="2021-12-16T21:19:29-08:00" level=info msg="Run stream" call=Run channel=0 func=StreamServerRunStreamDo module=core stream=tower
time="2021-12-16T21:19:29-08:00" level=info msg="Success connection RTSP" call=Start channel=0 func=StreamServerRunStream module=core stream=tower
time="2021-12-16T21:19:55-08:00" level=error msg="WebRTC Client Offline" call=WritePacket channel=0 func=HTTPAPIServerStreamWebRTC module=http_webrtc stream=tower
time="2021-12-16T21:19:58-08:00" level=error msg="stream not found" call=StreamHLSTS channel=0 func=HTTPAPIServerStreamHLSTS module=http_hls stream=tower
time="2021-12-16T21:19:58-08:00" level=error msg="stream not found" call=StreamHLSTS channel=0 func=HTTPAPIServerStreamHLSTS module=http_hls stream=tower
time="2021-12-16T21:19:58-08:00" level=error msg="stream not found" call=StreamHLSTS channel=0 func=HTTPAPIServerStreamHLSTS module=http_hls stream=tower
time="2021-12-16T21:19:58-08:00" level=error msg="stream not found" call=StreamHLSTS channel=0 func=HTTPAPIServerStreamHLSTS module=http_hls stream=tower
time="2021-12-16T21:19:58-08:00" level=error msg="stream not found" call=StreamHLSTS channel=0 func=HTTPAPIServerStreamHLSTS module=http_hls stream=tower
time="2021-12-16T21:19:58-08:00" level=error msg="stream not found" call=StreamHLSTS channel=0 func=HTTPAPIServerStreamHLSTS module=http_hls stream=tower
time="2021-12-16T21:19:58-08:00" level=error msg="stream not found" call=StreamHLSTS channel=0 func=HTTPAPIServerStreamHLSTS module=http_hls stream=tower
time="2021-12-16T21:19:58-08:00" level=error msg="stream not found" call=StreamHLSTS channel=0 func=HTTPAPIServerStreamHLSTS module=http_hls stream=tower
time="2021-12-16T21:19:58-08:00" level=error msg="stream not found" call=StreamHLSTS channel=0 func=HTTPAPIServerStreamHLSTS module=http_hls stream=tower
time="2021-12-16T21:19:58-08:00" level=error msg="stream not found" call=StreamHLSTS channel=0 func=HTTPAPIServerStreamHLSTS module=http_hls stream=tower
time="2021-12-16T21:19:59-08:00" level=error msg="stream not found" call=StreamHLSTS channel=0 func=HTTPAPIServerStreamHLSTS module=http_hls stream=tower
time="2021-12-16T21:19:59-08:00" level=error msg="stream not found" call=StreamHLSTS channel=0 func=HTTPAPIServerStreamHLSTS module=http_hls stream=tower
time="2021-12-16T21:19:59-08:00" level=error msg="stream not found" call=StreamHLSTS channel=0 func=HTTPAPIServerStreamHLSTS module=http_hls stream=tower
time="2021-12-16T21:19:59-08:00" level=error msg="stream not found" call=StreamHLSTS channel=0 func=HTTPAPIServerStreamHLSTS module=http_hls stream=tower
time="2021-12-16T21:19:59-08:00" level=error msg="stream not found" call=StreamHLSTS channel=0 func=HTTPAPIServerStreamHLSTS module=http_hls stream=tower
time="2021-12-16T21:19:59-08:00" level=error msg="stream not found" call=StreamHLSTS channel=0 func=HTTPAPIServerStreamHLSTS module=http_hls stream=tower
time="2021-12-16T21:19:59-08:00" level=error msg="stream not found" call=StreamHLSTS channel=0 func=HTTPAPIServerStreamHLSTS module=http_hls stream=tower
time="2021-12-16T21:19:59-08:00" level=error msg="stream not found" call=StreamHLSTS channel=0 func=HTTPAPIServerStreamHLSTS module=http_hls stream=tower
time="2021-12-16T21:19:59-08:00" level=error msg="stream not found" call=StreamHLSTS channel=0 func=HTTPAPIServerStreamHLSTS module=http_hls stream=tower
time="2021-12-16T21:19:59-08:00" level=error msg="stream not found" call=StreamHLSTS channel=0 func=HTTPAPIServerStreamHLSTS module=http_hls stream=tower
time="2021-12-16T21:20:00-08:00" level=error msg="stream not found" call=StreamHLSTS channel=0 func=HTTPAPIServerStreamHLSTS module=http_hls stream=tower
time="2021-12-16T21:20:00-08:00" level=error msg="stream not found" call=StreamHLSTS channel=0 func=HTTPAPIServerStreamHLSTS module=http_hls stream=tower
time="2021-12-16T21:41:56-08:00" level=info msg="Server CORE start" func=main module=main
time="2021-12-16T21:41:56-08:00" level=info msg="Server start success a wait signals" func=main module=main
time="2021-12-16T21:41:56-08:00" level=info msg="Server RTSP start" call=Start func=RTSPServer module=rtsp_server
time="2021-12-16T21:41:56-08:00" level=info msg="Server HTTP start" call=Start func=RTSPServer module=http_server
time="2021-12-16T21:42:12-08:00" level=info msg="Run stream" call=Run channel=0 func=StreamServerRunStreamDo module=core stream=tower
time="2021-12-16T21:42:13-08:00" level=info msg="Success connection RTSP" call=Start channel=0 func=StreamServerRunStream module=core stream=tower
time="2021-12-16T23:02:52-08:00" level=error msg="stream no video" call=ErrorStreamNoVideo channel=0 cid= func=HTTPAPIServerStreamWebRTC module=http_webrtc stream=tower
time="2021-12-16T23:03:01-08:00" level=error msg="stream no video" call=ErrorStreamNoVideo channel=0 cid= func=HTTPAPIServerStreamWebRTC module=http_webrtc stream=tower
time="2021-12-16T23:03:33-08:00" level=error msg="WebRTC Client Offline" call=WritePacket channel=0 cid= func=HTTPAPIServerStreamWebRTC module=http_webrtc stream=tower
time="2021-12-16T23:04:12-08:00" level=info msg="Stream exit by signal or not client" call=StreamServerRunStream channel=0 func=StreamServerRunStreamDo module=core stream=tower
time="2021-12-17T13:11:59-08:00" level=info msg="Server CORE start" func=main module=main
time="2021-12-17T13:11:59-08:00" level=info msg="Server start success a wait signals" func=main module=main
time="2021-12-17T13:11:59-08:00" level=info msg="Server HTTP start" call=Start func=RTSPServer module=http_server
time="2021-12-17T13:11:59-08:00" level=info msg="Server RTSP start" call=Start func=RTSPServer module=rtsp_server
time="2021-12-17T13:12:10-08:00" level=info msg="Run stream" call=Run channel=0 func=StreamServerRunStreamDo module=core stream=tower
time="2021-12-17T13:12:10-08:00" level=info msg="Success connection RTSP" call=Start channel=0 func=StreamServerRunStream module=core stream=tower
time="2021-12-17T13:22:26-08:00" level=info msg="Server CORE start" func=main module=main
time="2021-12-17T13:22:26-08:00" level=info msg="Server start success a wait signals" func=main module=main
time="2021-12-17T13:22:26-08:00" level=info msg="Server HTTP start" call=Start func=RTSPServer module=http_server
time="2021-12-17T13:22:26-08:00" level=info msg="Server RTSP start" call=Start func=RTSPServer module=rtsp_server
time="2021-12-17T13:22:33-08:00" level=info msg="Run stream" call=Run channel=0 func=StreamServerRunStreamDo module=core stream=tower
time="2021-12-17T13:22:34-08:00" level=info msg="Success connection RTSP" call=Start channel=0 func=StreamServerRunStream module=core stream=tower
time="2021-12-17T13:23:17-08:00" level=error msg="WebRTC Client Offline" call=WritePacket channel=0 cid= func=HTTPAPIServerStreamWebRTC module=http_webrtc stream=tower
time="2021-12-17T13:46:03-08:00" level=info msg="Server CORE start" func=main module=main
time="2021-12-17T13:46:03-08:00" level=info msg="Server start success a wait signals" func=main module=main
time="2021-12-17T13:46:03-08:00" level=info msg="Server HTTP start" call=Start func=RTSPServer module=http_server
time="2021-12-17T13:46:03-08:00" level=info msg="Server RTSP start" call=Start func=RTSPServer module=rtsp_server
time="2021-12-17T13:46:15-08:00" level=info msg="Run stream" call=Run channel=0 func=StreamServerRunStreamDo module=core stream=tower
time="2021-12-17T13:46:38-08:00" level=info msg="Success connection RTSP" call=Start channel=0 func=StreamServerRunStream module=core stream=tower
time="2021-12-17T13:58:26-08:00" level=info msg="Server CORE start" func=main module=main
time="2021-12-17T13:58:26-08:00" level=info msg="Server start success a wait signals" func=main module=main
time="2021-12-17T13:58:26-08:00" level=info msg="Server RTSP start" call=Start func=RTSPServer module=rtsp_server
time="2021-12-17T13:58:26-08:00" level=info msg="Server HTTP start" call=Start func=RTSPServer module=http_server
time="2021-12-17T13:58:47-08:00" level=info msg="Run stream" call=Run channel=0 func=StreamServerRunStreamDo module=core stream=tower
time="2021-12-17T13:58:48-08:00" level=info msg="Success connection RTSP" call=Start channel=0 func=StreamServerRunStream module=core stream=tower
time="2021-12-17T13:59:21-08:00" level=error msg="WebRTC Client Offline" call=WritePacket channel=0 cid= func=HTTPAPIServerStreamWebRTC module=http_webrtc stream=tower
time="2021-12-17T14:09:55-08:00" level=info msg="Server CORE start" func=main module=main
time="2021-12-17T14:09:55-08:00" level=info msg="Server start success a wait signals" func=main module=main
time="2021-12-17T14:09:55-08:00" level=info msg="Server HTTP start" call=Start func=RTSPServer module=http_server
time="2021-12-17T14:09:55-08:00" level=info msg="Server RTSP start" call=Start func=RTSPServer module=rtsp_server
time="2021-12-17T14:10:00-08:00" level=info msg="Run stream" call=Run channel=0 func=StreamServerRunStreamDo module=core stream=tower
time="2021-12-17T14:10:01-08:00" level=info msg="Success connection RTSP" call=Start channel=0 func=StreamServerRunStream module=core stream=tower
time="2021-12-17T14:13:06-08:00" level=error msg="WebRTC Client Offline" call=WritePacket channel=0 cid= func=HTTPAPIServerStreamWebRTC module=http_webrtc stream=tower
time="2021-12-17T14:21:30-08:00" level=info msg="Server CORE start" func=main module=main
time="2021-12-17T14:21:30-08:00" level=info msg="Server start success a wait signals" func=main module=main
time="2021-12-17T14:21:30-08:00" level=info msg="Server RTSP start" call=Start func=RTSPServer module=rtsp_server
time="2021-12-17T14:21:30-08:00" level=info msg="Server HTTP start" call=Start func=RTSPServer module=http_server
time="2021-12-17T14:26:27-08:00" level=info msg="Run stream" call=Run channel=0 func=StreamServerRunStreamDo module=core stream=tower
time="2021-12-17T14:26:28-08:00" level=info msg="Success connection RTSP" call=Start channel=0 func=StreamServerRunStream module=core stream=tower
time="2021-12-17T14:26:43-08:00" level=error msg="stream channel not found" call=logPackets channel=0 cid= func=HTTPAPIServerStreamWebRTC module=http_webrtc stream=tower
time="2021-12-17T14:27:07-08:00" level=error msg="Stream error restart stream stream stop rtsp signal" call=Restart
time="2021-12-17T14:27:09-08:00" level=info msg="Run stream" call=Run channel=0 func=StreamServerRunStreamDo module=core stream=tower
time="2021-12-17T14:27:10-08:00" level=info msg="Success connection RTSP" call=Start channel=0 func=StreamServerRunStream module=core stream=tower
time="2021-12-17T14:27:29-08:00" level=info msg="Stream exit by signal or not client" call=StreamServerRunStream channel=0 func=StreamServerRunStreamDo module=core stream=tower
time="2021-12-18T16:32:18-08:00" level=info msg="Server CORE start" func=main module=main
time="2021-12-18T16:32:18-08:00" level=info msg="Server start success a wait signals" func=main module=main
time="2021-12-18T16:32:18-08:00" level=info msg="Server HTTP start" call=Start func=RTSPServer module=http_server
time="2021-12-18T16:32:18-08:00" level=info msg="Server RTSP start" call=Start func=RTSPServer module=rtsp_server
time="2021-12-18T16:32:48-08:00" level=info msg="Run stream" call=Run channel=0 func=StreamServerRunStreamDo module=core stream=tower
time="2021-12-18T16:32:49-08:00" level=info msg="Success connection RTSP" call=Start channel=0 func=StreamServerRunStream module=core stream=tower
time="2021-12-18T16:42:57-08:00" level=error msg="WebRTC Client Offline" call=WritePacket channel=0 cid= func=HTTPAPIServerStreamWebRTC module=http_webrtc stream=tower
time="2021-12-18T16:43:28-08:00" level=info msg="Stream exit by signal or not client" call=StreamServerRunStream channel=0 func=StreamServerRunStreamDo module=core stream=tower
